#
# There is insufficient memory for the Java Runtime Environment to continue.
# Native memory allocation (mmap) failed to map 65011712 bytes for G1 virtual space
# Possible reasons:
#   The system is out of physical RAM or swap space
#   The process is running with CompressedOops enabled, and the Java Heap may be blocking the growth of the native heap
# Possible solutions:
#   Reduce memory load on the system
#   Increase physical memory or swap space
#   Check if swap backing store is full
#   Decrease Java heap size (-Xmx/-Xms)
#   Decrease number of Java threads
#   Decrease Java thread stack sizes (-Xss)
#   Set larger code cache with -XX:ReservedCodeCacheSize=
#   JVM is running with Unscaled Compressed Oops mode in which the Java heap is
#     placed in the first 4GB address space. The Java Heap base address is the
#     maximum limit for the native heap growth. Please use -XX:HeapBaseMinAddress
#     to set the Java Heap base and to place the Java Heap above 4GB virtual address.
# This output file may be truncated or incomplete.
#
#  Out of Memory Error (os_windows.cpp:3466), pid=14956, tid=8808
#
# JRE version: Java(TM) SE Runtime Environment (16.0.2+7) (build 16.0.2+7-67)
# Java VM: Java HotSpot(TM) 64-Bit Server VM (16.0.2+7-67, mixed mode, sharing, tiered, compressed oops, compressed class ptrs, g1 gc, windows-amd64)
# No core dump will be written. Minidumps are not enabled by default on client versions of Windows
#

---------------  S U M M A R Y ------------

Command Line: -XX:TieredStopAtLevel=1 -Xverify:none -Dspring.profiles.active=local -Dspring.output.ansi.enabled=always -javaagent:C:\Program Files\JetBrains\IntelliJ IDEA 2021.2.3\lib\idea_rt.jar=62766:C:\Program Files\JetBrains\IntelliJ IDEA 2021.2.3\bin -Dcom.sun.management.jmxremote -Dspring.jmx.enabled=true -Dspring.liveBeansView.mbeanDomain -Dspring.application.admin.enabled=true -Dfile.encoding=UTF-8 com.example.bookapp.BookAppApplication

Host: Intel(R) Core(TM) i5-8250U CPU @ 1.60GHz, 8 cores, 7G,  Windows 10 , 64 bit Build 19041 (10.0.19041.1889)
Time: Tue Aug 30 18:23:24 2022 Türkiye Standart Saati elapsed time: 7.182885 seconds (0d 0h 0m 7s)

---------------  T H R E A D  ---------------

Current thread (0x000001b2f0e77d80):  VMThread "VM Thread" [stack: 0x000000414b300000,0x000000414b400000] [id=8808]

Stack: [0x000000414b300000,0x000000414b400000]
Native frames: (J=compiled Java code, j=interpreted, Vv=VM code, C=native code)
V  [jvm.dll+0x6681ca]
V  [jvm.dll+0x7c9e69]
V  [jvm.dll+0x7cb61e]
V  [jvm.dll+0x7cbc73]
V  [jvm.dll+0x242c55]
V  [jvm.dll+0x664f89]
V  [jvm.dll+0x659b75]
V  [jvm.dll+0x2fbfbb]
V  [jvm.dll+0x3031b6]
V  [jvm.dll+0x35299e]
V  [jvm.dll+0x352bcf]
V  [jvm.dll+0x2d3028]
V  [jvm.dll+0x2d0bb5]
V  [jvm.dll+0x2d01ec]
V  [jvm.dll+0x3152d2]
V  [jvm.dll+0x7d00ab]
V  [jvm.dll+0x7d0da4]
V  [jvm.dll+0x7d12a9]
V  [jvm.dll+0x7d1564]
V  [jvm.dll+0x7d1630]
V  [jvm.dll+0x7795aa]
V  [jvm.dll+0x667066]
C  [ucrtbase.dll+0x21bb2]
C  [KERNEL32.DLL+0x17034]
C  [ntdll.dll+0x52651]

VM_Operation (0x000000414d5fe5c0): G1CollectForAllocation, mode: safepoint, requested by thread 0x000001b2f3b80b10


---------------  P R O C E S S  ---------------

Threads class SMR info:
_java_thread_list=0x000001b2f410db60, length=35, elements={
0x000001b2d2ecb400, 0x000001b2f0e7b9d0, 0x000001b2f0e7c890, 0x000001b2f0e92d00,
0x000001b2f0e95620, 0x000001b2f0e95f30, 0x000001b2f0ea1870, 0x000001b2f0ea7750,
0x000001b2f0ea8cc0, 0x000001b2f0e5b790, 0x000001b2f1be1930, 0x000001b2f1be1e50,
0x000001b2f1d7fcd0, 0x000001b2f2168340, 0x000001b2f21d68a0, 0x000001b2f396f860,
0x000001b2f399b040, 0x000001b2f399b560, 0x000001b2f3b81b00, 0x000001b2f3b82af0,
0x000001b2f3b825a0, 0x000001b2f3b80070, 0x000001b2f3b80b10, 0x000001b2f3b83040,
0x000001b2f3b815b0, 0x000001b2f3b82050, 0x000001b2f3b83590, 0x000001b2f3b805c0,
0x000001b2f3b81060, 0x000001b2f4230a00, 0x000001b2f4232490, 0x000001b2f42329e0,
0x000001b2f42319f0, 0x000001b2f4232f30, 0x000001b2f4231f40
}

Java Threads: ( => current thread )
  0x000001b2d2ecb400 JavaThread "main" [_thread_blocked, id=16784, stack(0x000000414ad00000,0x000000414ae00000)]
  0x000001b2f0e7b9d0 JavaThread "Reference Handler" daemon [_thread_blocked, id=8600, stack(0x000000414b400000,0x000000414b500000)]
  0x000001b2f0e7c890 JavaThread "Finalizer" daemon [_thread_blocked, id=9024, stack(0x000000414b500000,0x000000414b600000)]
  0x000001b2f0e92d00 JavaThread "Signal Dispatcher" daemon [_thread_blocked, id=8732, stack(0x000000414b600000,0x000000414b700000)]
  0x000001b2f0e95620 JavaThread "Attach Listener" daemon [_thread_blocked, id=8800, stack(0x000000414b700000,0x000000414b800000)]
  0x000001b2f0e95f30 JavaThread "Service Thread" daemon [_thread_blocked, id=17340, stack(0x000000414b800000,0x000000414b900000)]
  0x000001b2f0ea1870 JavaThread "Monitor Deflation Thread" daemon [_thread_blocked, id=11796, stack(0x000000414b900000,0x000000414ba00000)]
  0x000001b2f0ea7750 JavaThread "C1 CompilerThread0" daemon [_thread_blocked, id=15144, stack(0x000000414ba00000,0x000000414bb00000)]
  0x000001b2f0ea8cc0 JavaThread "Sweeper thread" daemon [_thread_blocked, id=11508, stack(0x000000414bb00000,0x000000414bc00000)]
  0x000001b2f0e5b790 JavaThread "Common-Cleaner" daemon [_thread_blocked, id=14940, stack(0x000000414bc00000,0x000000414bd00000)]
  0x000001b2f1be1930 JavaThread "Monitor Ctrl-Break" daemon [_thread_in_native, id=16892, stack(0x000000414bd00000,0x000000414be00000)]
  0x000001b2f1be1e50 JavaThread "Notification Thread" daemon [_thread_blocked, id=19036, stack(0x000000414be00000,0x000000414bf00000)]
  0x000001b2f1d7fcd0 JavaThread "RMI TCP Accept-0" daemon [_thread_in_native, id=8728, stack(0x000000414bf00000,0x000000414c000000)]
  0x000001b2f2168340 JavaThread "RMI TCP Connection(1)-192.168.91.1" daemon [_thread_in_native, id=13332, stack(0x000000414ca00000,0x000000414cb00000)]
  0x000001b2f21d68a0 JavaThread "RMI Scheduler(0)" daemon [_thread_blocked, id=11628, stack(0x000000414cb00000,0x000000414cc00000)]
  0x000001b2f396f860 JavaThread "Catalina-utility-1" [_thread_blocked, id=1596, stack(0x000000414cd00000,0x000000414ce00000)]
  0x000001b2f399b040 JavaThread "Catalina-utility-2" [_thread_blocked, id=8908, stack(0x000000414ce00000,0x000000414cf00000)]
  0x000001b2f399b560 JavaThread "container-0" [_thread_blocked, id=18608, stack(0x000000414cf00000,0x000000414d000000)]
  0x000001b2f3b81b00 JavaThread "mysql-cj-abandoned-connection-cleanup" daemon [_thread_blocked, id=9700, stack(0x000000414d000000,0x000000414d100000)]
  0x000001b2f3b82af0 JavaThread "HikariPool-1 housekeeper" daemon [_thread_blocked, id=9428, stack(0x000000414d200000,0x000000414d300000)]
  0x000001b2f3b825a0 JavaThread "HikariPool-1 connection adder" daemon [_thread_blocked, id=5644, stack(0x000000414d300000,0x000000414d400000)]
  0x000001b2f3b80070 JavaThread "ClassGraph-worker-0" daemon [_thread_blocked, id=17228, stack(0x000000414d400000,0x000000414d500000)]
  0x000001b2f3b80b10 JavaThread "ClassGraph-worker-1" daemon [_thread_blocked, id=18648, stack(0x000000414d500000,0x000000414d600000)]
  0x000001b2f3b83040 JavaThread "ClassGraph-worker-2" daemon [_thread_blocked, id=10416, stack(0x000000414d600000,0x000000414d700000)]
  0x000001b2f3b815b0 JavaThread "ClassGraph-worker-3" daemon [_thread_blocked, id=10856, stack(0x000000414d700000,0x000000414d800000)]
  0x000001b2f3b82050 JavaThread "ClassGraph-worker-4" daemon [_thread_blocked, id=11400, stack(0x000000414d800000,0x000000414d900000)]
  0x000001b2f3b83590 JavaThread "ClassGraph-worker-5" daemon [_thread_blocked, id=18896, stack(0x000000414d900000,0x000000414da00000)]
  0x000001b2f3b805c0 JavaThread "ClassGraph-worker-6" daemon [_thread_blocked, id=15720, stack(0x000000414da00000,0x000000414db00000)]
  0x000001b2f3b81060 JavaThread "ClassGraph-worker-7" daemon [_thread_blocked, id=19300, stack(0x000000414db00000,0x000000414dc00000)]
  0x000001b2f4230a00 JavaThread "ClassGraph-worker-8" daemon [_thread_blocked, id=13052, stack(0x000000414dc00000,0x000000414dd00000)]
  0x000001b2f4232490 JavaThread "ClassGraph-worker-9" daemon [_thread_blocked, id=2388, stack(0x000000414dd00000,0x000000414de00000)]
  0x000001b2f42329e0 JavaThread "ClassGraph-worker-10" daemon [_thread_blocked, id=2244, stack(0x000000414de00000,0x000000414df00000)]
  0x000001b2f42319f0 JavaThread "ClassGraph-worker-11" daemon [_thread_blocked, id=6164, stack(0x000000414df00000,0x000000414e000000)]
  0x000001b2f4232f30 JavaThread "ClassGraph-worker-12" daemon [_thread_blocked, id=18452, stack(0x000000414e000000,0x000000414e100000)]
  0x000001b2f4231f40 JavaThread "ClassGraph-worker-13" daemon [_thread_blocked, id=8384, stack(0x000000414e100000,0x000000414e200000)]

Other Threads:
=>0x000001b2f0e77d80 VMThread "VM Thread" [stack: 0x000000414b300000,0x000000414b400000] [id=8808]
  0x000001b2f1d7ebe0 WatcherThread [stack: 0x000000414c000000,0x000000414c100000] [id=10260]
  0x000001b2d2f0b1a0 GCTaskThread "GC Thread#0" [stack: 0x000000414ae00000,0x000000414af00000] [id=14576]
  0x000001b2f20c4130 GCTaskThread "GC Thread#1" [stack: 0x000000414c100000,0x000000414c200000] [id=12488]
  0x000001b2f20c4440 GCTaskThread "GC Thread#2" [stack: 0x000000414c200000,0x000000414c300000] [id=1460]
  0x000001b2f20fc4a0 GCTaskThread "GC Thread#3" [stack: 0x000000414c300000,0x000000414c400000] [id=19304]
  0x000001b2f2119d80 GCTaskThread "GC Thread#4" [stack: 0x000000414c400000,0x000000414c500000] [id=11792]
  0x000001b2f211a510 GCTaskThread "GC Thread#5" [stack: 0x000000414c500000,0x000000414c600000] [id=18744]
  0x000001b2f20c1fd0 GCTaskThread "GC Thread#6" [stack: 0x000000414c600000,0x000000414c700000] [id=9776]
  0x000001b2f20c22e0 GCTaskThread "GC Thread#7" [stack: 0x000000414c700000,0x000000414c800000] [id=3168]
  0x000001b2d2f5b010 ConcurrentGCThread "G1 Main Marker" [stack: 0x000000414af00000,0x000000414b000000] [id=5112]
  0x000001b2d2f5ba80 ConcurrentGCThread "G1 Conc#0" [stack: 0x000000414b000000,0x000000414b100000] [id=12280]
  0x000001b2f20c2c10 ConcurrentGCThread "G1 Conc#1" [stack: 0x000000414cc00000,0x000000414cd00000] [id=5532]
  0x000001b2d2f9e770 ConcurrentGCThread "G1 Refine#0" [stack: 0x000000414b100000,0x000000414b200000] [id=5308]
  0x000001b2f19c9c60 ConcurrentGCThread "G1 Refine#1" [stack: 0x000000414c800000,0x000000414c900000] [id=3164]
  0x000001b2f19ca820 ConcurrentGCThread "G1 Refine#2" [stack: 0x000000414c900000,0x000000414ca00000] [id=11300]
  0x000001b2f0d2b780 ConcurrentGCThread "G1 Service" [stack: 0x000000414b200000,0x000000414b300000] [id=13172]

Threads with active compile tasks:
C1 CompilerThread0     7235 4653       1       java.util.ComparableTimSort::countRunAndMakeAscending (123 bytes)

VM state: at safepoint (normal execution)

VM Mutex/Monitor currently owned by a thread:  ([mutex/lock_event])
[0x000001b2d2ec8750] Threads_lock - owner thread: 0x000001b2f0e77d80
[0x000001b2d2ec7b80] Heap_lock - owner thread: 0x000001b2f3b80b10

Heap address: 0x0000000082000000, size: 2016 MB, Compressed Oops mode: 32-bit

CDS archive(s) mapped at: [0x0000000800000000-0x0000000800bb0000-0x0000000800bb0000), size 12255232, SharedBaseAddress: 0x0000000800000000, ArchiveRelocationMode: 0.
Compressed class space mapped at: 0x0000000800c00000-0x0000000840c00000, reserved size: 1073741824
Narrow klass base: 0x0000000800000000, Narrow klass shift: 3, Narrow klass range: 0x100000000

GC Precious Log:
 CPUs: 8 total, 8 available
 Memory: 8057M
 Large Page Support: Disabled
 NUMA Support: Disabled
 Compressed Oops: Enabled (32-bit)
 Heap Region Size: 1M
 Heap Min Capacity: 8M
 Heap Initial Capacity: 126M
 Heap Max Capacity: 2016M
 Pre-touch: Disabled
 Parallel Workers: 8
 Concurrent Workers: 2
 Concurrent Refinement Workers: 8
 Periodic GC: Disabled

Heap:
 garbage-first heap   total 61440K, used 31669K [0x0000000082000000, 0x0000000100000000)
  region size 1024K, 3 young (3072K), 3 survivors (3072K)
 Metaspace       used 46523K, committed 46976K, reserved 1097728K
  class space    used 6414K, committed 6656K, reserved 1048576K

Heap Regions: E=young(eden), S=young(survivor), O=old, HS=humongous(starts), HC=humongous(continues), CS=collection set, F=free, OA=open archive, CA=closed archive, TAMS=top-at-mark-start (previous, next)
|   0|0x0000000082000000, 0x0000000082100000, 0x0000000082100000|100%|HS|  |TAMS 0x0000000082100000, 0x0000000082000000| Complete 
|   1|0x0000000082100000, 0x0000000082200000, 0x0000000082200000|100%| O|  |TAMS 0x0000000082200000, 0x0000000082100000| Untracked 
|   2|0x0000000082200000, 0x0000000082300000, 0x0000000082300000|100%| O|  |TAMS 0x0000000082300000, 0x0000000082200000| Untracked 
|   3|0x0000000082300000, 0x0000000082400000, 0x0000000082400000|100%| O|  |TAMS 0x0000000082400000, 0x0000000082300000| Untracked 
|   4|0x0000000082400000, 0x0000000082500000, 0x0000000082500000|100%| O|  |TAMS 0x0000000082500000, 0x0000000082400000| Untracked 
|   5|0x0000000082500000, 0x0000000082600000, 0x0000000082600000|100%| O|  |TAMS 0x0000000082600000, 0x0000000082500000| Untracked 
|   6|0x0000000082600000, 0x0000000082700000, 0x0000000082700000|100%| O|  |TAMS 0x0000000082700000, 0x0000000082600000| Untracked 
|   7|0x0000000082700000, 0x0000000082787400, 0x0000000082800000| 52%| O|  |TAMS 0x0000000082787400, 0x0000000082700000| Untracked 
|   8|0x0000000082800000, 0x0000000082900000, 0x0000000082900000|100%| O|  |TAMS 0x0000000082900000, 0x0000000082800000| Untracked 
|   9|0x0000000082900000, 0x0000000082a00000, 0x0000000082a00000|100%| O|  |TAMS 0x0000000082a00000, 0x0000000082900000| Untracked 
|  10|0x0000000082a00000, 0x0000000082b00000, 0x0000000082b00000|100%| O|  |TAMS 0x0000000082b00000, 0x0000000082a00000| Untracked 
|  11|0x0000000082b00000, 0x0000000082c00000, 0x0000000082c00000|100%| O|  |TAMS 0x0000000082c00000, 0x0000000082b00000| Untracked 
|  12|0x0000000082c00000, 0x0000000082d00000, 0x0000000082d00000|100%| O|  |TAMS 0x0000000082d00000, 0x0000000082c00000| Untracked 
|  13|0x0000000082d00000, 0x0000000082e00000, 0x0000000082e00000|100%| O|  |TAMS 0x0000000082e00000, 0x0000000082d00000| Untracked 
|  14|0x0000000082e00000, 0x0000000082f00000, 0x0000000082f00000|100%| O|  |TAMS 0x0000000082f00000, 0x0000000082e00000| Untracked 
|  15|0x0000000082f00000, 0x0000000083000000, 0x0000000083000000|100%| O|  |TAMS 0x0000000082fd4800, 0x0000000082f00000| Untracked 
|  16|0x0000000083000000, 0x0000000083100000, 0x0000000083100000|100%| O|  |TAMS 0x0000000083000000, 0x0000000083000000| Untracked 
|  17|0x0000000083100000, 0x0000000083200000, 0x0000000083200000|100%| O|  |TAMS 0x0000000083100000, 0x0000000083100000| Untracked 
|  18|0x0000000083200000, 0x0000000083300000, 0x0000000083300000|100%| O|  |TAMS 0x0000000083200000, 0x0000000083200000| Untracked 
|  19|0x0000000083300000, 0x0000000083400000, 0x0000000083400000|100%| O|  |TAMS 0x0000000083300000, 0x0000000083300000| Untracked 
|  20|0x0000000083400000, 0x0000000083400000, 0x0000000083500000|  0%| F|  |TAMS 0x0000000083400000, 0x0000000083400000| Untracked 
|  21|0x0000000083500000, 0x0000000083600000, 0x0000000083600000|100%| O|  |TAMS 0x0000000083500000, 0x0000000083500000| Untracked 
|  22|0x0000000083600000, 0x0000000083700000, 0x0000000083700000|100%| O|  |TAMS 0x0000000083600000, 0x0000000083600000| Untracked 
|  23|0x0000000083700000, 0x0000000083800000, 0x0000000083800000|100%| O|  |TAMS 0x0000000083700000, 0x0000000083700000| Untracked 
|  24|0x0000000083800000, 0x0000000083900000, 0x0000000083900000|100%| O|  |TAMS 0x0000000083800000, 0x0000000083800000| Untracked 
|  25|0x0000000083900000, 0x0000000083a00000, 0x0000000083a00000|100%| O|  |TAMS 0x0000000083900000, 0x0000000083900000| Untracked 
|  26|0x0000000083a00000, 0x0000000083b00000, 0x0000000083b00000|100%| O|  |TAMS 0x0000000083a00000, 0x0000000083a00000| Untracked 
|  27|0x0000000083b00000, 0x0000000083c00000, 0x0000000083c00000|100%| O|  |TAMS 0x0000000083b00000, 0x0000000083b00000| Untracked 
|  28|0x0000000083c00000, 0x0000000083c00000, 0x0000000083d00000|  0%| F|  |TAMS 0x0000000083c00000, 0x0000000083c00000| Untracked 
|  29|0x0000000083d00000, 0x0000000083e00000, 0x0000000083e00000|100%| O|  |TAMS 0x0000000083d00000, 0x0000000083d00000| Untracked 
|  30|0x0000000083e00000, 0x0000000083e66000, 0x0000000083f00000| 39%| O|  |TAMS 0x0000000083e00000, 0x0000000083e00000| Untracked 
|  31|0x0000000083f00000, 0x0000000083f00000, 0x0000000084000000|  0%| F|  |TAMS 0x0000000083f00000, 0x0000000083f00000| Untracked 
|  32|0x0000000084000000, 0x0000000084000000, 0x0000000084100000|  0%| F|  |TAMS 0x0000000084000000, 0x0000000084000000| Untracked 
|  33|0x0000000084100000, 0x0000000084100000, 0x0000000084200000|  0%| F|  |TAMS 0x0000000084100000, 0x0000000084100000| Untracked 
|  34|0x0000000084200000, 0x0000000084200000, 0x0000000084300000|  0%| F|  |TAMS 0x0000000084200000, 0x0000000084200000| Untracked 
|  35|0x0000000084300000, 0x0000000084300000, 0x0000000084400000|  0%| F|  |TAMS 0x0000000084300000, 0x0000000084300000| Untracked 
|  36|0x0000000084400000, 0x0000000084400000, 0x0000000084500000|  0%| F|  |TAMS 0x0000000084400000, 0x0000000084400000| Untracked 
|  37|0x0000000084500000, 0x0000000084500000, 0x0000000084600000|  0%| F|  |TAMS 0x0000000084500000, 0x0000000084500000| Untracked 
|  38|0x0000000084600000, 0x0000000084600000, 0x0000000084700000|  0%| F|  |TAMS 0x0000000084600000, 0x0000000084600000| Untracked 
|  39|0x0000000084700000, 0x0000000084800000, 0x0000000084800000|100%| S|CS|TAMS 0x0000000084700000, 0x0000000084700000| Complete 
|  40|0x0000000084800000, 0x0000000084900000, 0x0000000084900000|100%| S|CS|TAMS 0x0000000084800000, 0x0000000084800000| Complete 
|  41|0x0000000084900000, 0x0000000084a00000, 0x0000000084a00000|100%| S|CS|TAMS 0x0000000084900000, 0x0000000084900000| Complete 
|  42|0x0000000084a00000, 0x0000000084a00000, 0x0000000084b00000|  0%| F|  |TAMS 0x0000000084a00000, 0x0000000084a00000| Untracked 
|  43|0x0000000084b00000, 0x0000000084b00000, 0x0000000084c00000|  0%| F|  |TAMS 0x0000000084b00000, 0x0000000084b00000| Untracked 
|  44|0x0000000084c00000, 0x0000000084c00000, 0x0000000084d00000|  0%| F|  |TAMS 0x0000000084c00000, 0x0000000084c00000| Untracked 
|  45|0x0000000084d00000, 0x0000000084d00000, 0x0000000084e00000|  0%| F|  |TAMS 0x0000000084d00000, 0x0000000084d00000| Untracked 
|  46|0x0000000084e00000, 0x0000000084e00000, 0x0000000084f00000|  0%| F|  |TAMS 0x0000000084e00000, 0x0000000084e00000| Untracked 
|  47|0x0000000084f00000, 0x0000000084f00000, 0x0000000085000000|  0%| F|  |TAMS 0x0000000084f00000, 0x0000000084f00000| Untracked 
|  48|0x0000000085000000, 0x0000000085000000, 0x0000000085100000|  0%| F|  |TAMS 0x0000000085000000, 0x0000000085000000| Untracked 
|  49|0x0000000085100000, 0x0000000085100000, 0x0000000085200000|  0%| F|  |TAMS 0x0000000085100000, 0x0000000085100000| Untracked 
|  50|0x0000000085200000, 0x0000000085200000, 0x0000000085300000|  0%| F|  |TAMS 0x0000000085200000, 0x0000000085200000| Untracked 
|  51|0x0000000085300000, 0x0000000085300000, 0x0000000085400000|  0%| F|  |TAMS 0x0000000085300000, 0x0000000085300000| Untracked 
|  52|0x0000000085400000, 0x0000000085400000, 0x0000000085500000|  0%| F|  |TAMS 0x0000000085400000, 0x0000000085400000| Untracked 
|  53|0x0000000085500000, 0x0000000085500000, 0x0000000085600000|  0%| F|  |TAMS 0x0000000085500000, 0x0000000085500000| Untracked 
|  54|0x0000000085600000, 0x0000000085600000, 0x0000000085700000|  0%| F|  |TAMS 0x0000000085600000, 0x0000000085600000| Untracked 
|  55|0x0000000085700000, 0x0000000085700000, 0x0000000085800000|  0%| F|  |TAMS 0x0000000085700000, 0x0000000085700000| Untracked 
|  56|0x0000000085800000, 0x0000000085800000, 0x0000000085900000|  0%| F|  |TAMS 0x0000000085800000, 0x0000000085800000| Untracked 
|  57|0x0000000085900000, 0x0000000085900000, 0x0000000085a00000|  0%| F|  |TAMS 0x0000000085900000, 0x0000000085900000| Untracked 
|  58|0x0000000085a00000, 0x0000000085a00000, 0x0000000085b00000|  0%| F|  |TAMS 0x0000000085a00000, 0x0000000085a00000| Untracked 
| 125|0x0000000089d00000, 0x0000000089d00000, 0x0000000089e00000|  0%| F|  |TAMS 0x0000000089d00000, 0x0000000089d00000| Untracked 

Card table byte_map: [0x000001b2e9d60000,0x000001b2ea150000] _byte_map_base: 0x000001b2e9950000

Marking Bits (Prev, Next): (CMBitMap*) 0x000001b2d2f0b890, (CMBitMap*) 0x000001b2d2f0b8d0
 Prev Bits: [0x000001b2ea540000, 0x000001b2ec4c0000)
 Next Bits: [0x000001b2ec4c0000, 0x000001b2ee440000)

Polling page: 0x000001b2d0e50000

Metaspace:

Usage:
  Non-class:     39.17 MB used.
      Class:      6.26 MB used.
       Both:     45.43 MB used.

Virtual space:
  Non-class space:       48.00 MB reserved,      39.38 MB ( 82%) committed,  6 nodes.
      Class space:        1.00 GB reserved,       6.50 MB ( <1%) committed,  1 nodes.
              Both:        1.05 GB reserved,      45.88 MB (  4%) committed. 

Chunk freelists:
   Non-Class:  3.84 MB
       Class:  1.48 MB
        Both:  5.33 MB

MaxMetaspaceSize: 17179869184.00 GB
CompressedClassSpaceSize: 1.00 GB
 - commit_granule_bytes: 65536.
 - commit_granule_words: 8192.
 - virtual_space_node_default_size: 1048576.
 - enlarge_chunks_in_place: 1.
 - new_chunks_are_fully_committed: 0.
 - uncommit_free_chunks: 1.
 - use_allocation_guard: 0.
 - handle_deallocations: 1.


Internal statistics:

num_allocs_failed_limit: 6.
num_arena_births: 542.
num_arena_deaths: 0.
num_vsnodes_births: 7.
num_vsnodes_deaths: 0.
num_space_committed: 734.
num_space_uncommitted: 0.
num_chunks_returned_to_freelist: 6.
num_chunks_taken_from_freelist: 2243.
num_chunk_merges: 6.
num_chunk_splits: 1552.
num_chunks_enlarged: 1182.
num_purges: 0.

CodeHeap 'non-profiled nmethods': size=238336Kb used=7505Kb max_used=7505Kb free=230830Kb
 bounds [0x000001b2dad80000, 0x000001b2db4e0000, 0x000001b2e9640000]
CodeHeap 'non-nmethods': size=7424Kb used=1278Kb max_used=1278Kb free=6145Kb
 bounds [0x000001b2da640000, 0x000001b2da8b0000, 0x000001b2dad80000]
 total_blobs=5265 nmethods=4664 adapters=526
 compilation: enabled
              stopped_count=0, restarted_count=0
 full_count=0

Compilation events (20 events):
Event: 7.167 Thread 0x000001b2f0ea7750 nmethod 4668 0x000001b2db4d1310 code [0x000001b2db4d14c0, 0x000001b2db4d1838]
Event: 7.167 Thread 0x000001b2f0ea7750 4663       1       java.util.concurrent.atomic.AtomicBoolean::<init> (5 bytes)
Event: 7.167 Thread 0x000001b2f0ea7750 nmethod 4663 0x000001b2db4d1910 code [0x000001b2db4d1aa0, 0x000001b2db4d1b58]
Event: 7.167 Thread 0x000001b2f0ea7750 4666       1       nonapi.io.github.classgraph.scanspec.AcceptReject::acceptAndRejectAreEmpty (20 bytes)
Event: 7.168 Thread 0x000001b2f0ea7750 nmethod 4666 0x000001b2db4d1c10 code [0x000001b2db4d1da0, 0x000001b2db4d1f18]
Event: 7.168 Thread 0x000001b2f0ea7750 4667       1       nonapi.io.github.classgraph.scanspec.AcceptReject::rejectIsEmpty (27 bytes)
Event: 7.168 Thread 0x000001b2f0ea7750 nmethod 4667 0x000001b2db4d1f90 code [0x000001b2db4d2120, 0x000001b2db4d2218]
Event: 7.168 Thread 0x000001b2f0ea7750 4669       1       io.github.classgraph.Resource::<init> (15 bytes)
Event: 7.168 Thread 0x000001b2f0ea7750 nmethod 4669 0x000001b2db4d2290 code [0x000001b2db4d2420, 0x000001b2db4d2538]
Event: 7.168 Thread 0x000001b2f0ea7750 4670       1       io.github.classgraph.ClasspathElementZip$1::<init> (35 bytes)
Event: 7.168 Thread 0x000001b2f0ea7750 nmethod 4670 0x000001b2db4d2590 code [0x000001b2db4d2740, 0x000001b2db4d2a38]
Event: 7.168 Thread 0x000001b2f0ea7750 4671       1       nonapi.io.github.classgraph.scanspec.AcceptReject::access$000 (6 bytes)
Event: 7.169 Thread 0x000001b2f0ea7750 nmethod 4671 0x000001b2db4d2b10 code [0x000001b2db4d2ca0, 0x000001b2db4d2d68]
Event: 7.169 Thread 0x000001b2f0ea7750 4672       1       nonapi.io.github.classgraph.scanspec.AcceptReject::matchesPatternList (48 bytes)
Event: 7.169 Thread 0x000001b2f0ea7750 nmethod 4672 0x000001b2db4d2e10 code [0x000001b2db4d3000, 0x000001b2db4d3228]
Event: 7.169 Thread 0x000001b2f0ea7750 4673       1       nonapi.io.github.classgraph.scanspec.AcceptReject::isSpecificallyAcceptedAndNotRejected (21 bytes)
Event: 7.169 Thread 0x000001b2f0ea7750 nmethod 4673 0x000001b2db4d3390 code [0x000001b2db4d3540, 0x000001b2db4d3688]
Event: 7.169 Thread 0x000001b2f0ea7750 4675       1       nonapi.io.github.classgraph.scanspec.AcceptReject$AcceptRejectWholeString::acceptHasPrefix (20 bytes)
Event: 7.169 Thread 0x000001b2f0ea7750 nmethod 4675 0x000001b2db4d3710 code [0x000001b2db4d38c0, 0x000001b2db4d39e8]
Event: 7.169 Thread 0x000001b2f0ea7750 4653       1       java.util.ComparableTimSort::countRunAndMakeAscending (123 bytes)

GC Heap History (20 events):
Event: 2.566 GC heap after
{Heap after GC invocations=3 (full 0):
 garbage-first heap   total 129024K, used 10889K [0x0000000082000000, 0x0000000100000000)
  region size 1024K, 4 young (4096K), 4 survivors (4096K)
 Metaspace       used 15645K, committed 15936K, reserved 1064960K
  class space    used 2033K, committed 2176K, reserved 1048576K
}
Event: 3.568 GC heap before
{Heap before GC invocations=3 (full 0):
 garbage-first heap   total 129024K, used 75401K [0x0000000082000000, 0x0000000100000000)
  region size 1024K, 69 young (70656K), 4 survivors (4096K)
 Metaspace       used 20982K, committed 21248K, reserved 1073152K
  class space    used 2796K, committed 2944K, reserved 1048576K
}
Event: 3.579 GC heap after
{Heap after GC invocations=4 (full 0):
 garbage-first heap   total 129024K, used 13853K [0x0000000082000000, 0x0000000100000000)
  region size 1024K, 6 young (6144K), 6 survivors (6144K)
 Metaspace       used 20982K, committed 21248K, reserved 1073152K
  class space    used 2796K, committed 2944K, reserved 1048576K
}
Event: 3.995 GC heap before
{Heap before GC invocations=5 (full 0):
 garbage-first heap   total 51200K, used 37405K [0x0000000082000000, 0x0000000100000000)
  region size 1024K, 30 young (30720K), 6 survivors (6144K)
 Metaspace       used 23969K, committed 24384K, reserved 1073152K
  class space    used 3204K, committed 3392K, reserved 1048576K
}
Event: 4.011 GC heap after
{Heap after GC invocations=6 (full 0):
 garbage-first heap   total 51200K, used 15556K [0x0000000082000000, 0x0000000100000000)
  region size 1024K, 2 young (2048K), 2 survivors (2048K)
 Metaspace       used 23969K, committed 24384K, reserved 1073152K
  class space    used 3204K, committed 3392K, reserved 1048576K
}
Event: 4.017 GC heap before
{Heap before GC invocations=6 (full 0):
 garbage-first heap   total 51200K, used 35012K [0x0000000082000000, 0x0000000100000000)
  region size 1024K, 22 young (22528K), 2 survivors (2048K)
 Metaspace       used 23969K, committed 24384K, reserved 1073152K
  class space    used 3204K, committed 3392K, reserved 1048576K
}
Event: 4.022 GC heap after
{Heap after GC invocations=7 (full 0):
 garbage-first heap   total 61440K, used 15785K [0x0000000082000000, 0x0000000100000000)
  region size 1024K, 1 young (1024K), 1 survivors (1024K)
 Metaspace       used 23969K, committed 24384K, reserved 1073152K
  class space    used 3204K, committed 3392K, reserved 1048576K
}
Event: 4.295 GC heap before
{Heap before GC invocations=7 (full 0):
 garbage-first heap   total 61440K, used 43433K [0x0000000082000000, 0x0000000100000000)
  region size 1024K, 29 young (29696K), 1 survivors (1024K)
 Metaspace       used 25499K, committed 25856K, reserved 1073152K
  class space    used 3413K, committed 3584K, reserved 1048576K
}
Event: 4.298 GC heap after
{Heap after GC invocations=8 (full 0):
 garbage-first heap   total 61440K, used 16887K [0x0000000082000000, 0x0000000100000000)
  region size 1024K, 2 young (2048K), 2 survivors (2048K)
 Metaspace       used 25499K, committed 25856K, reserved 1073152K
  class space    used 3413K, committed 3584K, reserved 1048576K
}
Event: 5.326 GC heap before
{Heap before GC invocations=8 (full 0):
 garbage-first heap   total 61440K, used 45559K [0x0000000082000000, 0x0000000100000000)
  region size 1024K, 30 young (30720K), 2 survivors (2048K)
 Metaspace       used 33034K, committed 33408K, reserved 1081344K
  class space    used 4517K, committed 4672K, reserved 1048576K
}
Event: 5.329 GC heap after
{Heap after GC invocations=9 (full 0):
 garbage-first heap   total 61440K, used 18455K [0x0000000082000000, 0x0000000100000000)
  region size 1024K, 3 young (3072K), 3 survivors (3072K)
 Metaspace       used 33034K, committed 33408K, reserved 1081344K
  class space    used 4517K, committed 4672K, reserved 1048576K
}
Event: 5.566 GC heap before
{Heap before GC invocations=9 (full 0):
 garbage-first heap   total 61440K, used 26647K [0x0000000082000000, 0x0000000100000000)
  region size 1024K, 12 young (12288K), 3 survivors (3072K)
 Metaspace       used 35142K, committed 35520K, reserved 1081344K
  class space    used 4787K, committed 4992K, reserved 1048576K
}
Event: 5.570 GC heap after
{Heap after GC invocations=10 (full 0):
 garbage-first heap   total 61440K, used 19044K [0x0000000082000000, 0x0000000100000000)
  region size 1024K, 3 young (3072K), 3 survivors (3072K)
 Metaspace       used 35142K, committed 35520K, reserved 1081344K
  class space    used 4787K, committed 4992K, reserved 1048576K
}
Event: 6.314 GC heap before
{Heap before GC invocations=11 (full 0):
 garbage-first heap   total 61440K, used 46692K [0x0000000082000000, 0x0000000100000000)
  region size 1024K, 31 young (31744K), 3 survivors (3072K)
 Metaspace       used 40817K, committed 41216K, reserved 1089536K
  class space    used 5663K, committed 5824K, reserved 1048576K
}
Event: 6.319 GC heap after
{Heap after GC invocations=12 (full 0):
 garbage-first heap   total 61440K, used 20670K [0x0000000082000000, 0x0000000100000000)
  region size 1024K, 4 young (4096K), 4 survivors (4096K)
 Metaspace       used 40817K, committed 41216K, reserved 1089536K
  class space    used 5663K, committed 5824K, reserved 1048576K
}
Event: 6.784 GC heap before
{Heap before GC invocations=12 (full 0):
 garbage-first heap   total 61440K, used 48318K [0x0000000082000000, 0x0000000100000000)
  region size 1024K, 31 young (31744K), 4 survivors (4096K)
 Metaspace       used 44435K, committed 44800K, reserved 1089536K
  class space    used 6166K, committed 6336K, reserved 1048576K
}
Event: 6.790 GC heap after
{Heap after GC invocations=13 (full 0):
 garbage-first heap   total 61440K, used 23087K [0x0000000082000000, 0x0000000100000000)
  region size 1024K, 4 young (4096K), 4 survivors (4096K)
 Metaspace       used 44435K, committed 44800K, reserved 1089536K
  class space    used 6166K, committed 6336K, reserved 1048576K
}
Event: 7.086 GC heap before
{Heap before GC invocations=13 (full 0):
 garbage-first heap   total 61440K, used 48687K [0x0000000082000000, 0x0000000100000000)
  region size 1024K, 28 young (28672K), 4 survivors (4096K)
 Metaspace       used 46469K, committed 46912K, reserved 1097728K
  class space    used 6410K, committed 6656K, reserved 1048576K
}
Event: 7.093 GC heap after
{Heap after GC invocations=14 (full 0):
 garbage-first heap   total 61440K, used 28338K [0x0000000082000000, 0x0000000100000000)
  region size 1024K, 4 young (4096K), 4 survivors (4096K)
 Metaspace       used 46469K, committed 46912K, reserved 1097728K
  class space    used 6410K, committed 6656K, reserved 1048576K
}
Event: 7.170 GC heap before
{Heap before GC invocations=14 (full 0):
 garbage-first heap   total 61440K, used 45746K [0x0000000082000000, 0x0000000100000000)
  region size 1024K, 22 young (22528K), 4 survivors (4096K)
 Metaspace       used 46523K, committed 46976K, reserved 1097728K
  class space    used 6414K, committed 6656K, reserved 1048576K
}

Deoptimization events (6 events):
Event: 3.245 Thread 0x000001b2d2ecb400 DEOPT PACKING pc=0x000001b2db04c554 sp=0x000000414adfdb60
Event: 3.245 Thread 0x000001b2d2ecb400 DEOPT UNPACKING pc=0x000001b2da68dece sp=0x000000414adfd0b8 mode 0
Event: 6.859 Thread 0x000001b2d2ecb400 DEOPT PACKING pc=0x000001b2db09abea sp=0x000000414adfe1f0
Event: 6.859 Thread 0x000001b2d2ecb400 DEOPT UNPACKING pc=0x000001b2da68dece sp=0x000000414adfd6f8 mode 3
Event: 6.860 Thread 0x000001b2d2ecb400 DEOPT PACKING pc=0x000001b2db04efcd sp=0x000000414adfe1b0
Event: 6.860 Thread 0x000001b2d2ecb400 DEOPT UNPACKING pc=0x000001b2da68dece sp=0x000000414adfd6f8 mode 3

Classes unloaded (0 events):
No events

Classes redefined (0 events):
No events

Internal exceptions (20 events):
Event: 6.456 Thread 0x000001b2d2ecb400 Exception <a 'java/lang/NoSuchMethodError'{0x000000008559da88}: 'int java.lang.invoke.DirectMethodHandle$Holder.invokeVirtual(java.lang.Object, java.lang.Object, java.lang.Object)'> (0x000000008559da88) 
thrown [t:\workspace\open\src\hotspot\share\interpreter\linkResolver.cpp, line 790]
Event: 6.467 Thread 0x000001b2d2ecb400 Exception <a 'java/lang/ClassNotFoundException'{0x0000000085408a10}: java/lang/ObjectCustomizer> (0x0000000085408a10) 
thrown [t:\workspace\open\src\hotspot\share\classfile\systemDictionary.cpp, line 256]
Event: 6.467 Thread 0x000001b2d2ecb400 Exception <a 'java/lang/ClassNotFoundException'{0x0000000085410ea0}: com/example/bookapp/model/ReservationCustomizer> (0x0000000085410ea0) 
thrown [t:\workspace\open\src\hotspot\share\classfile\systemDictionary.cpp, line 256]
Event: 6.471 Thread 0x000001b2d2ecb400 Exception <a 'java/lang/ClassNotFoundException'{0x000000008543ee78}: java/lang/ObjectCustomizer> (0x000000008543ee78) 
thrown [t:\workspace\open\src\hotspot\share\classfile\systemDictionary.cpp, line 256]
Event: 6.471 Thread 0x000001b2d2ecb400 Exception <a 'java/lang/ClassNotFoundException'{0x0000000085447138}: com/example/bookapp/model/MemberCustomizer> (0x0000000085447138) 
thrown [t:\workspace\open\src\hotspot\share\classfile\systemDictionary.cpp, line 256]
Event: 6.502 Thread 0x000001b2d2ecb400 Exception <a 'java/lang/IncompatibleClassChangeError'{0x000000008520e128}: Found class java.lang.Object, but interface was expected> (0x000000008520e128) 
thrown [t:\workspace\open\src\hotspot\share\interpreter\linkResolver.cpp, line 857]
Event: 6.591 Thread 0x000001b2d2ecb400 Exception <a 'java/lang/ClassNotFoundException'{0x0000000084d48c80}: java/lang/ObjectCustomizer> (0x0000000084d48c80) 
thrown [t:\workspace\open\src\hotspot\share\classfile\systemDictionary.cpp, line 256]
Event: 6.592 Thread 0x000001b2d2ecb400 Exception <a 'java/lang/ClassNotFoundException'{0x0000000084d513e8}: org/springframework/web/servlet/config/annotation/WebMvcConfigurationSupportCustomizer> (0x0000000084d513e8) 
thrown [t:\workspace\open\src\hotspot\share\classfile\systemDictionary.cpp, line 256]
Event: 6.593 Thread 0x000001b2d2ecb400 Exception <a 'java/lang/ClassNotFoundException'{0x0000000084d65d98}: org/springframework/web/servlet/config/annotation/DelegatingWebMvcConfigurationCustomizer> (0x0000000084d65d98) 
thrown [t:\workspace\open\src\hotspot\share\classfile\systemDictionary.cpp, line 256]
Event: 6.594 Thread 0x000001b2d2ecb400 Exception <a 'java/lang/ClassNotFoundException'{0x0000000084d6fb70}: org/springframework/boot/autoconfigure/web/servlet/WebMvcAutoConfiguration$EnableWebMvcConfigurationCustomizer> (0x0000000084d6fb70) 
thrown [t:\workspace\open\src\hotspot\share\classfile\systemDictionary.cpp, line 256]
Event: 6.594 Thread 0x000001b2d2ecb400 Exception <a 'java/lang/ClassNotFoundException'{0x0000000084d824f0}: org/springframework/context/ResourceLoaderAwareCustomizer> (0x0000000084d824f0) 
thrown [t:\workspace\open\src\hotspot\share\classfile\systemDictionary.cpp, line 256]
Event: 6.595 Thread 0x000001b2d2ecb400 Exception <a 'java/lang/ClassNotFoundException'{0x0000000084d87ae8}: org/springframework/beans/factory/AwareCustomizer> (0x0000000084d87ae8) 
thrown [t:\workspace\open\src\hotspot\share\classfile\systemDictionary.cpp, line 256]
Event: 6.595 Thread 0x000001b2d2ecb400 Exception <a 'java/lang/ClassNotFoundException'{0x0000000084d8c570}: org/springframework/context/ApplicationContextAwareCustomizer> (0x0000000084d8c570) 
thrown [t:\workspace\open\src\hotspot\share\classfile\systemDictionary.cpp, line 256]
Event: 6.595 Thread 0x000001b2d2ecb400 Exception <a 'java/lang/ClassNotFoundException'{0x0000000084d92738}: org/springframework/beans/factory/AwareCustomizer> (0x0000000084d92738) 
thrown [t:\workspace\open\src\hotspot\share\classfile\systemDictionary.cpp, line 256]
Event: 6.596 Thread 0x000001b2d2ecb400 Exception <a 'java/lang/ClassNotFoundException'{0x0000000084d97198}: org/springframework/web/context/ServletContextAwareCustomizer> (0x0000000084d97198) 
thrown [t:\workspace\open\src\hotspot\share\classfile\systemDictionary.cpp, line 256]
Event: 6.596 Thread 0x000001b2d2ecb400 Exception <a 'java/lang/ClassNotFoundException'{0x0000000084d9cbe8}: org/springframework/beans/factory/AwareCustomizer> (0x0000000084d9cbe8) 
thrown [t:\workspace\open\src\hotspot\share\classfile\systemDictionary.cpp, line 256]
Event: 6.815 Thread 0x000001b2d2ecb400 Exception <a 'java/lang/NoSuchMethodError'{0x000000008590dcd8}: 'void java.lang.invoke.DirectMethodHandle$Holder.invokeVirtual(java.lang.Object, java.lang.Object, int)'> (0x000000008590dcd8) 
thrown [t:\workspace\open\src\hotspot\share\interpreter\linkResolver.cpp, line 790]
Event: 6.817 Thread 0x000001b2d2ecb400 Exception <a 'java/lang/NoSuchMethodError'{0x0000000085929238}: 'void java.lang.invoke.DirectMethodHandle$Holder.invokeVirtual(java.lang.Object, java.lang.Object, long)'> (0x0000000085929238) 
thrown [t:\workspace\open\src\hotspot\share\interpreter\linkResolver.cpp, line 790]
Event: 6.923 Thread 0x000001b2f2168340 Exception <a 'java/lang/reflect/InvocationTargetException'{0x0000000085305ea8}> (0x0000000085305ea8) 
thrown [t:\workspace\open\src\hotspot\share\runtime\reflection.cpp, line 1157]
Event: 6.951 Thread 0x000001b2d2ecb400 Exception <a 'java/lang/IncompatibleClassChangeError'{0x0000000085237f18}: Found class java.lang.Object, but interface was expected> (0x0000000085237f18) 
thrown [t:\workspace\open\src\hotspot\share\interpreter\linkResolver.cpp, line 857]

Events (20 events):
Event: 7.119 Executing  VM operation: ICBufferFull done
Event: 7.121 Executing  VM operation: ICBufferFull
Event: 7.122 Executing  VM operation: ICBufferFull done
Event: 7.124 Executing  VM operation: ICBufferFull
Event: 7.125 Executing  VM operation: ICBufferFull done
Event: 7.127 Executing  VM operation: ICBufferFull
Event: 7.127 Executing  VM operation: ICBufferFull done
Event: 7.127 Executing  VM operation: ICBufferFull
Event: 7.128 Executing  VM operation: ICBufferFull done
Event: 7.130 Executing  VM operation: ICBufferFull
Event: 7.131 Executing  VM operation: ICBufferFull done
Event: 7.133 Executing  VM operation: ICBufferFull
Event: 7.134 Executing  VM operation: ICBufferFull done
Event: 7.137 Executing  VM operation: ICBufferFull
Event: 7.143 Executing  VM operation: ICBufferFull done
Event: 7.143 Executing  VM operation: ICBufferFull
Event: 7.144 Executing  VM operation: ICBufferFull done
Event: 7.144 Executing  VM operation: ICBufferFull
Event: 7.145 Executing  VM operation: ICBufferFull done
Event: 7.170 Executing  VM operation: G1CollectForAllocation


Dynamic libraries:
0x00007ff6cbef0000 - 0x00007ff6cbf00000 	C:\Program Files\Java\jdk-16.0.2\bin\java.exe
0x00007ffddb4b0000 - 0x00007ffddb6a8000 	C:\WINDOWS\SYSTEM32\ntdll.dll
0x00007ffdd9800000 - 0x00007ffdd98bd000 	C:\WINDOWS\System32\KERNEL32.DLL
0x00007ffdd8e40000 - 0x00007ffdd910e000 	C:\WINDOWS\System32\KERNELBASE.dll
0x00007ffdd9360000 - 0x00007ffdd9460000 	C:\WINDOWS\System32\ucrtbase.dll
0x00007ffda6890000 - 0x00007ffda68a8000 	C:\Program Files\Java\jdk-16.0.2\bin\jli.dll
0x00007ffdb7ec0000 - 0x00007ffdb7ed9000 	C:\Program Files\Java\jdk-16.0.2\bin\VCRUNTIME140.dll
0x00007ffdd9a70000 - 0x00007ffdd9b1e000 	C:\WINDOWS\System32\ADVAPI32.dll
0x00007ffdd9760000 - 0x00007ffdd97fe000 	C:\WINDOWS\System32\msvcrt.dll
0x00007ffdd9da0000 - 0x00007ffdd9e3c000 	C:\WINDOWS\System32\sechost.dll
0x00007ffdda370000 - 0x00007ffdda495000 	C:\WINDOWS\System32\RPCRT4.dll
0x00007ffdd9ba0000 - 0x00007ffdd9d40000 	C:\WINDOWS\System32\USER32.dll
0x00007ffdb73b0000 - 0x00007ffdb764a000 	C:\WINDOWS\WinSxS\amd64_microsoft.windows.common-controls_6595b64144ccf1df_6.0.19041.1110_none_60b5254171f9507e\COMCTL32.dll
0x00007ffdd9330000 - 0x00007ffdd9352000 	C:\WINDOWS\System32\win32u.dll
0x00007ffddb3a0000 - 0x00007ffddb3ca000 	C:\WINDOWS\System32\GDI32.dll
0x00007ffdd8c90000 - 0x00007ffdd8d9b000 	C:\WINDOWS\System32\gdi32full.dll
0x00007ffdd8da0000 - 0x00007ffdd8e3d000 	C:\WINDOWS\System32\msvcp_win.dll
0x00007ffdce450000 - 0x00007ffdce45a000 	C:\WINDOWS\SYSTEM32\VERSION.dll
0x00007ffdd9510000 - 0x00007ffdd9540000 	C:\WINDOWS\System32\IMM32.DLL
0x00007ffdb0f30000 - 0x00007ffdb0f3c000 	C:\Program Files\Java\jdk-16.0.2\bin\vcruntime140_1.dll
0x00007ffd35520000 - 0x00007ffd355b1000 	C:\Program Files\Java\jdk-16.0.2\bin\msvcp140.dll
0x00007ffd29ce0000 - 0x00007ffd2a88b000 	C:\Program Files\Java\jdk-16.0.2\bin\server\jvm.dll
0x00007ffddb460000 - 0x00007ffddb468000 	C:\WINDOWS\System32\PSAPI.DLL
0x00007ffdb34b0000 - 0x00007ffdb34d7000 	C:\WINDOWS\SYSTEM32\WINMM.dll
0x00007ffdb7700000 - 0x00007ffdb7709000 	C:\WINDOWS\SYSTEM32\WSOCK32.dll
0x00007ffdd9a00000 - 0x00007ffdd9a6b000 	C:\WINDOWS\System32\WS2_32.dll
0x00007ffdd7450000 - 0x00007ffdd7462000 	C:\WINDOWS\SYSTEM32\kernel.appcore.dll
0x00007ffd9e120000 - 0x00007ffd9e12a000 	C:\Program Files\Java\jdk-16.0.2\bin\jimage.dll
0x00007ffdd6980000 - 0x00007ffdd6b64000 	C:\WINDOWS\SYSTEM32\DBGHELP.DLL
0x00007ffdce190000 - 0x00007ffdce1bc000 	C:\WINDOWS\SYSTEM32\dbgcore.DLL
0x00007ffdd92a0000 - 0x00007ffdd9322000 	C:\WINDOWS\System32\bcryptPrimitives.dll
0x00007ffdd32d0000 - 0x00007ffdd32de000 	C:\Program Files\Java\jdk-16.0.2\bin\instrument.dll
0x00007ffd90c10000 - 0x00007ffd90c35000 	C:\Program Files\Java\jdk-16.0.2\bin\java.dll
0x00007ffddaac0000 - 0x00007ffddb204000 	C:\WINDOWS\System32\SHELL32.dll
0x00007ffdd6b70000 - 0x00007ffdd7304000 	C:\WINDOWS\SYSTEM32\windows.storage.dll
0x00007ffdda4a0000 - 0x00007ffdda7f4000 	C:\WINDOWS\System32\combase.dll
0x00007ffdd8550000 - 0x00007ffdd8580000 	C:\WINDOWS\SYSTEM32\Wldp.dll
0x00007ffdda800000 - 0x00007ffdda8ad000 	C:\WINDOWS\System32\SHCORE.dll
0x00007ffddb2e0000 - 0x00007ffddb335000 	C:\WINDOWS\System32\shlwapi.dll
0x00007ffdd8b10000 - 0x00007ffdd8b2f000 	C:\WINDOWS\SYSTEM32\profapi.dll
0x00007ffd634f0000 - 0x00007ffd63508000 	C:\Program Files\Java\jdk-16.0.2\bin\zip.dll
0x00007ffd90bf0000 - 0x00007ffd90c09000 	C:\Program Files\Java\jdk-16.0.2\bin\net.dll
0x00007ffdce340000 - 0x00007ffdce44a000 	C:\WINDOWS\SYSTEM32\WINHTTP.dll
0x00007ffdd8330000 - 0x00007ffdd839a000 	C:\WINDOWS\system32\mswsock.dll
0x00007ffd63510000 - 0x00007ffd63523000 	C:\Program Files\Java\jdk-16.0.2\bin\nio.dll
0x00007ffdb9810000 - 0x00007ffdb982a000 	C:\Program Files\JetBrains\IntelliJ IDEA 2021.2.3\bin\breakgen64.dll
0x00007ffdd8030000 - 0x00007ffdd80fa000 	C:\WINDOWS\SYSTEM32\DNSAPI.dll
0x00007ffdd7ff0000 - 0x00007ffdd802b000 	C:\WINDOWS\SYSTEM32\IPHLPAPI.DLL
0x00007ffdd9540000 - 0x00007ffdd9548000 	C:\WINDOWS\System32\NSI.dll
0x00007ffdd1170000 - 0x00007ffdd117a000 	C:\Windows\System32\rasadhlp.dll
0x00007ffdcdbc0000 - 0x00007ffdcdc40000 	C:\WINDOWS\System32\fwpuclnt.dll
0x00007ffdd9110000 - 0x00007ffdd9137000 	C:\WINDOWS\System32\bcrypt.dll
0x00007ffd354c0000 - 0x00007ffd354c9000 	C:\Program Files\Java\jdk-16.0.2\bin\management.dll
0x00007ffd30830000 - 0x00007ffd3083b000 	C:\Program Files\Java\jdk-16.0.2\bin\management_ext.dll
0x00007ffdd8590000 - 0x00007ffdd85a8000 	C:\WINDOWS\SYSTEM32\CRYPTSP.dll
0x00007ffdd7c60000 - 0x00007ffdd7c94000 	C:\WINDOWS\system32\rsaenh.dll
0x00007ffdd8a90000 - 0x00007ffdd8abe000 	C:\WINDOWS\SYSTEM32\USERENV.dll
0x00007ffdd84c0000 - 0x00007ffdd84cc000 	C:\WINDOWS\SYSTEM32\CRYPTBASE.dll
0x00007ffdd1670000 - 0x00007ffdd1687000 	C:\WINDOWS\SYSTEM32\dhcpcsvc6.DLL
0x00007ffdd1240000 - 0x00007ffdd125d000 	C:\WINDOWS\SYSTEM32\dhcpcsvc.DLL
0x00007ffdb30b0000 - 0x00007ffdb30c7000 	C:\WINDOWS\system32\napinsp.dll
0x00007ffdb0f10000 - 0x00007ffdb0f2b000 	C:\WINDOWS\system32\pnrpnsp.dll
0x00007ffdd3430000 - 0x00007ffdd3445000 	C:\WINDOWS\system32\wshbth.dll
0x00007ffdd40b0000 - 0x00007ffdd40cd000 	C:\WINDOWS\system32\NLAapi.dll
0x00007ffdad4e0000 - 0x00007ffdad4f2000 	C:\WINDOWS\System32\winrnr.dll
0x00007ffd30820000 - 0x00007ffd3082e000 	C:\Program Files\Java\jdk-16.0.2\bin\sunmscapi.dll
0x00007ffdd9140000 - 0x00007ffdd9296000 	C:\WINDOWS\System32\CRYPT32.dll
0x00007ffdd86a0000 - 0x00007ffdd86c7000 	C:\WINDOWS\SYSTEM32\ncrypt.dll
0x00007ffdd8660000 - 0x00007ffdd869b000 	C:\WINDOWS\SYSTEM32\NTASN1.dll

dbghelp: loaded successfully - version: 4.0.5 - missing functions: none
symbol engine: initialized successfully - sym options: 0x614 - pdb path: .;C:\Program Files\Java\jdk-16.0.2\bin;C:\WINDOWS\SYSTEM32;C:\WINDOWS\WinSxS\amd64_microsoft.windows.common-controls_6595b64144ccf1df_6.0.19041.1110_none_60b5254171f9507e;C:\Program Files\Java\jdk-16.0.2\bin\server;C:\Program Files\JetBrains\IntelliJ IDEA 2021.2.3\bin

VM Arguments:
jvm_args: -XX:TieredStopAtLevel=1 -Xverify:none -Dspring.profiles.active=local -Dspring.output.ansi.enabled=always -javaagent:C:\Program Files\JetBrains\IntelliJ IDEA 2021.2.3\lib\idea_rt.jar=62766:C:\Program Files\JetBrains\IntelliJ IDEA 2021.2.3\bin -Dcom.sun.management.jmxremote -Dspring.jmx.enabled=true -Dspring.liveBeansView.mbeanDomain -Dspring.application.admin.enabled=true -Dfile.encoding=UTF-8 
java_command: com.example.bookapp.BookAppApplication
java_class_path (initial): C:\Users\Dell\demo\bookApp\target\classes;C:\Users\Dell\.m2\repository\org\springframework\boot\spring-boot-starter-data-jpa\2.7.3\spring-boot-starter-data-jpa-2.7.3.jar;C:\Users\Dell\.m2\repository\org\springframework\boot\spring-boot-starter-aop\2.7.3\spring-boot-starter-aop-2.7.3.jar;C:\Users\Dell\.m2\repository\org\springframework\spring-aop\5.3.22\spring-aop-5.3.22.jar;C:\Users\Dell\.m2\repository\org\aspectj\aspectjweaver\1.9.7\aspectjweaver-1.9.7.jar;C:\Users\Dell\.m2\repository\org\springframework\boot\spring-boot-starter-jdbc\2.7.3\spring-boot-starter-jdbc-2.7.3.jar;C:\Users\Dell\.m2\repository\com\zaxxer\HikariCP\4.0.3\HikariCP-4.0.3.jar;C:\Users\Dell\.m2\repository\org\springframework\spring-jdbc\5.3.22\spring-jdbc-5.3.22.jar;C:\Users\Dell\.m2\repository\jakarta\transaction\jakarta.transaction-api\1.3.3\jakarta.transaction-api-1.3.3.jar;C:\Users\Dell\.m2\repository\jakarta\persistence\jakarta.persistence-api\2.2.3\jakarta.persistence-api-2.2.3.jar;C:\Users\Dell\.m2\repository\org\hibernate\hibernate-core\5.6.10.Final\hibernate-core-5.6.10.Final.jar;C:\Users\Dell\.m2\repository\org\jboss\logging\jboss-logging\3.4.3.Final\jboss-logging-3.4.3.Final.jar;C:\Users\Dell\.m2\repository\net\bytebuddy\byte-buddy\1.12.13\byte-buddy-1.12.13.jar;C:\Users\Dell\.m2\repository\antlr\antlr\2.7.7\antlr-2.7.7.jar;C:\Users\Dell\.m2\repository\org\jboss\jandex\2.4.2.Final\jandex-2.4.2.Final.jar;C:\Users\Dell\.m2\repository\com\fasterxml\classmate\1.5.1\classmate-1.5.1.jar;C:\Users\Dell\.m2\repository\org\hibernate\common\hibernate-commons-annotations\5.1.2.Final\hibernate-commons-annotations-5.1.2.Final.jar;C:\Users\Dell\.m2\repository\org\glassfish\jaxb\jaxb-runtime\2.3.6\jaxb-runtime-2.3.6.jar;C:\Users\Dell\.m2\repository\org\glassfish\jaxb\txw2\2.3.6\txw2-2.3.6.jar;C:\Users\Dell\.m2\repository\com\sun\istack\istack-commons-runtime\3.0.12\istack-commons-runtime-3.0.12.jar;C:\Users\Dell\.m2\repository\com\sun\activation\jakarta.activation\1.2.2\j
Launcher Type: SUN_STANDARD

[Global flags]
     intx CICompilerCount                          = 4                                         {product} {ergonomic}
     uint ConcGCThreads                            = 2                                         {product} {ergonomic}
     uint G1ConcRefinementThreads                  = 8                                         {product} {ergonomic}
   size_t G1HeapRegionSize                         = 1048576                                   {product} {ergonomic}
    uintx GCDrainStackTargetSize                   = 64                                        {product} {ergonomic}
   size_t InitialHeapSize                          = 132120576                                 {product} {ergonomic}
     bool ManagementServer                         = true                                      {product} {command line}
   size_t MarkStackSize                            = 4194304                                   {product} {ergonomic}
   size_t MaxHeapSize                              = 2113929216                                {product} {ergonomic}
   size_t MaxNewSize                               = 1267728384                                {product} {ergonomic}
   size_t MinHeapDeltaBytes                        = 1048576                                   {product} {ergonomic}
   size_t MinHeapSize                              = 8388608                                   {product} {ergonomic}
    uintx NonNMethodCodeHeapSize                   = 7549744                                {pd product} {ergonomic}
    uintx NonProfiledCodeHeapSize                  = 244108496                              {pd product} {ergonomic}
    uintx ProfiledCodeHeapSize                     = 0                                      {pd product} {ergonomic}
    uintx ReservedCodeCacheSize                    = 251658240                              {pd product} {ergonomic}
     bool SegmentedCodeCache                       = true                                      {product} {ergonomic}
   size_t SoftMaxHeapSize                          = 2113929216                             {manageable} {ergonomic}
     intx TieredStopAtLevel                        = 1                                         {product} {command line}
     bool UseCompressedClassPointers               = true                           {product lp64_product} {ergonomic}
     bool UseCompressedOops                        = true                           {product lp64_product} {ergonomic}
     bool UseG1GC                                  = true                                      {product} {ergonomic}
     bool UseLargePagesIndividualAllocation        = false                                  {pd product} {ergonomic}

Logging:
Log output configuration:
 #0: stdout all=warning uptime,level,tags
 #1: stderr all=off uptime,level,tags

Environment Variables:
JAVA_HOME=C:\Program Files\Java\jdk1.8.0_281
PATH=C:\Program Files (x86)\VMware\VMware Player\bin\;C:\Program Files\Common Files\Oracle\Java\javapath;C:\Program Files (x86)\Common Files\Oracle\Java\javapath;C:\WINDOWS\system32;C:\WINDOWS;C:\WINDOWS\System32\Wbem;C:\WINDOWS\System32\WindowsPowerShell\v1.0\;C:\WINDOWS\System32\OpenSSH\;C:\Program Files (x86)\Intel\Intel(R) Management Engine Components\DAL;C:\Program Files\Intel\Intel(R) Management Engine Components\DAL;C:\Program Files\dotnet\;C:\Program Files\Microsoft SQL Server\130\Tools\Binn\;C:\Program Files\Microsoft SQL Server\Client SDK\ODBC\170\Tools\Binn\;%JAVA_HOME%bin;C:\Program Files\nodejs\;C:\Program Files\Git\cmd;C:\Program Files\Git\cmd;C:\Users\Dell\anaconda3\pkgs\python-3.8.8-hdbf39b2_5;C:\Program Files (x86)\GtkSharp\2.12\bin;C:\Program Files\Docker\Docker\resources\bin;C:\ProgramData\DockerDesktop\version-bin;C:\Program Files\MySQL\MySQL Shell 8.0\bin\;C:\Windows\System32;C:\Users\Dell\AppData\Local\Programs\Microsoft VS Code\bin;C:\Users\Dell\AppData\Local\Programs\Python\Python310\Scripts;
USERNAME=Dell
OS=Windows_NT
PROCESSOR_IDENTIFIER=Intel64 Family 6 Model 142 Stepping 10, GenuineIntel



---------------  S Y S T E M  ---------------

OS:
 Windows 10 , 64 bit Build 19041 (10.0.19041.1889)
OS uptime: 0 days 0:29 hours
Hyper-V role detected

CPU: total 8 (initial active 8) (4 cores per cpu, 2 threads per core) family 6 model 142 stepping 10 microcode 0xb4, cx8, cmov, fxsr, ht, mmx, 3dnowpref, sse, sse2, sse3, ssse3, sse4.1, sse4.2, popcnt, lzcnt, tsc, tscinvbit, avx, avx2, aes, erms, clmul, bmi1, bmi2, adx, fma, vzeroupper, clflush, clflushopt, hv

Memory: 4k page, system-wide physical 8057M (290M free)
TotalPageFile size 32633M (AvailPageFile size 18M)
current process WorkingSet (physical memory assigned to process): 177M, peak: 177M
current process commit charge ("private bytes"): 218M, peak: 280M

vm_info: Java HotSpot(TM) 64-Bit Server VM (16.0.2+7-67) for windows-amd64 JRE (16.0.2+7-67), built on Jun  8 2021 23:24:19 by "mach5one" with MS VC++ 16.7 (VS2019)

END.
